soundsentence/app/manifest-merger-release-report.txt
-- Merging decision tree log ---
manifest
ADDED from AndroidManifest.xml:20:1
	package
		ADDED from AndroidManifest.xml:21:7
		INJECTED from AndroidManifest.xml:0:0
		INJECTED from AndroidManifest.xml:0:0
	android:versionName
		ADDED from AndroidManifest.xml:21:43
	android:windowSoftInputMode
		ADDED from AndroidManifest.xml:20:70
	android:versionCode
		ADDED from AndroidManifest.xml:21:69
		INJECTED from AndroidManifest.xml:0:0
		INJECTED from AndroidManifest.xml:0:0
	xmlns:android
		ADDED from AndroidManifest.xml:20:11
supports-screens
ADDED from AndroidManifest.xml:22:5
	android:largeScreens
		ADDED from AndroidManifest.xml:23:9
	android:smallScreens
		ADDED from AndroidManifest.xml:25:9
	android:normalScreens
		ADDED from AndroidManifest.xml:24:9
	android:resizeable
		ADDED from AndroidManifest.xml:26:9
	android:anyDensity
		ADDED from AndroidManifest.xml:27:9
uses-permission#android.permission.CAMERA
ADDED from AndroidManifest.xml:30:5
	android:name
		ADDED from AndroidManifest.xml:30:22
uses-permission#android.permission.VIBRATE
ADDED from AndroidManifest.xml:31:5
	android:name
		ADDED from AndroidManifest.xml:31:22
uses-permission#android.permission.ACCESS_COARSE_LOCATION
ADDED from AndroidManifest.xml:32:5
	android:name
		ADDED from AndroidManifest.xml:32:22
uses-permission#android.permission.ACCESS_FINE_LOCATION
ADDED from AndroidManifest.xml:33:5
	android:name
		ADDED from AndroidManifest.xml:33:22
uses-permission#android.permission.ACCESS_LOCATION_EXTRA_COMMANDS
ADDED from AndroidManifest.xml:34:5
	android:name
		ADDED from AndroidManifest.xml:34:22
uses-permission#android.permission.INTERNET
ADDED from AndroidManifest.xml:35:5
	android:name
		ADDED from AndroidManifest.xml:35:22
uses-permission#android.permission.RECEIVE_SMS
ADDED from AndroidManifest.xml:36:5
	android:name
		ADDED from AndroidManifest.xml:36:22
uses-permission#android.permission.RECORD_AUDIO
ADDED from AndroidManifest.xml:37:5
	android:name
		ADDED from AndroidManifest.xml:37:22
uses-permission#android.permission.RECORD_VIDEO
ADDED from AndroidManifest.xml:38:5
	android:name
		ADDED from AndroidManifest.xml:38:22
uses-permission#android.permission.MODIFY_AUDIO_SETTINGS
ADDED from AndroidManifest.xml:39:5
	android:name
		ADDED from AndroidManifest.xml:39:22
uses-permission#android.permission.READ_CONTACTS
ADDED from AndroidManifest.xml:40:5
	android:name
		ADDED from AndroidManifest.xml:40:22
uses-permission#android.permission.WRITE_CONTACTS
ADDED from AndroidManifest.xml:41:5
	android:name
		ADDED from AndroidManifest.xml:41:22
uses-permission#android.permission.WRITE_EXTERNAL_STORAGE
ADDED from AndroidManifest.xml:42:5
	android:name
		ADDED from AndroidManifest.xml:42:22
uses-permission#android.permission.ACCESS_NETWORK_STATE
ADDED from AndroidManifest.xml:43:5
	android:name
		ADDED from AndroidManifest.xml:43:22
uses-permission#android.permission.GET_ACCOUNTS
ADDED from AndroidManifest.xml:44:5
	android:name
		ADDED from AndroidManifest.xml:44:22
uses-permission#android.permission.BROADCAST_STICKY
ADDED from AndroidManifest.xml:45:5
	android:name
		ADDED from AndroidManifest.xml:45:22
uses-permission#android.permission.READ_PHONE_STATE
ADDED from AndroidManifest.xml:46:2
	android:name
		ADDED from AndroidManifest.xml:46:19
uses-permission#android.permission.FLASHLIGHT
ADDED from AndroidManifest.xml:47:2
	android:name
		ADDED from AndroidManifest.xml:47:19
uses-sdk
ADDED from AndroidManifest.xml:49:5
	android:targetSdkVersion
		ADDED from AndroidManifest.xml:49:41
		INJECTED from AndroidManifest.xml:0:0
		INJECTED from AndroidManifest.xml:0:0
	android:minSdkVersion
		ADDED from AndroidManifest.xml:49:15
		INJECTED from AndroidManifest.xml:0:0
		INJECTED from AndroidManifest.xml:0:0
application
ADDED from AndroidManifest.xml:50:8
	android:label
		ADDED from AndroidManifest.xml:50:51
	android:allowBackup
		ADDED from AndroidManifest.xml:51:9
	android:icon
		ADDED from AndroidManifest.xml:50:21
activity#com.hexacta.soundsentence.soundsentence
ADDED from AndroidManifest.xml:52:9
	android:screenOrientation
		ADDED from AndroidManifest.xml:54:17
	android:label
		ADDED from AndroidManifest.xml:52:48
	android:configChanges
		ADDED from AndroidManifest.xml:54:56
	android:theme
		ADDED from AndroidManifest.xml:53:17
	android:name
		ADDED from AndroidManifest.xml:52:19
intent-filter#android.intent.action.MAIN+android.intent.category.LAUNCHER
ADDED from AndroidManifest.xml:55:13
action#android.intent.action.MAIN
ADDED from AndroidManifest.xml:56:17
	android:name
		ADDED from AndroidManifest.xml:56:25
category#android.intent.category.LAUNCHER
ADDED from AndroidManifest.xml:57:17
	android:name
		ADDED from AndroidManifest.xml:57:27